<?xml version="1.0" encoding="UTF-8"?>
<testsuite xmlns:xsi="http://www.w3.org/2001/XMLSchema-instance" xsi:noNamespaceSchemaLocation="https://maven.apache.org/surefire/maven-surefire-plugin/xsd/surefire-test-report.xsd" name="br.pucrs.AppTest" time="1.044" tests="1" errors="0" skipped="0" failures="0">
  <properties>
    <property name="java.specification.version" value="21"/>
    <property name="sun.cpu.isalist" value="amd64"/>
    <property name="sun.jnu.encoding" value="Cp1252"/>
    <property name="java.class.path" value="C:\Users\23111472\Downloads\4-divisao-e-conquista-exercicio-de-aprofundamento-guilherme-pc-master\4-divisao-e-conquista-exercicio-de-aprofundamento-guilherme-pc-master\target\test-classes;C:\Users\23111472\Downloads\4-divisao-e-conquista-exercicio-de-aprofundamento-guilherme-pc-master\4-divisao-e-conquista-exercicio-de-aprofundamento-guilherme-pc-master\target\classes;C:\Users\23111472\.m2\repository\junit\junit\4.11\junit-4.11.jar;C:\Users\23111472\.m2\repository\org\hamcrest\hamcrest-core\1.3\hamcrest-core-1.3.jar;"/>
    <property name="java.vm.vendor" value="Oracle Corporation"/>
    <property name="sun.arch.data.model" value="64"/>
    <property name="user.variant" value=""/>
    <property name="java.vendor.url" value="https://java.oracle.com/"/>
    <property name="user.timezone" value="America/Sao_Paulo"/>
    <property name="os.name" value="Windows 10"/>
    <property name="java.vm.specification.version" value="21"/>
    <property name="user.country" value="BR"/>
    <property name="sun.java.launcher" value="SUN_STANDARD"/>
    <property name="sun.boot.library.path" value="C:\Program Files\Java\jdk-21\bin"/>
    <property name="sun.java.command" value="C:\Users\23111472\AppData\Local\Temp\surefire6850423831986882157\surefirebooter11225254487070280974.jar C:\Users\23111472\AppData\Local\Temp\surefire6850423831986882157 2024-08-19T20-38-11_617-jvmRun1 surefire13112769007921287521tmp surefire_016651896913103473520tmp"/>
    <property name="jdk.debug" value="release"/>
    <property name="test" value="br.pucrs.AppTest"/>
    <property name="surefire.test.class.path" value="C:\Users\23111472\Downloads\4-divisao-e-conquista-exercicio-de-aprofundamento-guilherme-pc-master\4-divisao-e-conquista-exercicio-de-aprofundamento-guilherme-pc-master\target\test-classes;C:\Users\23111472\Downloads\4-divisao-e-conquista-exercicio-de-aprofundamento-guilherme-pc-master\4-divisao-e-conquista-exercicio-de-aprofundamento-guilherme-pc-master\target\classes;C:\Users\23111472\.m2\repository\junit\junit\4.11\junit-4.11.jar;C:\Users\23111472\.m2\repository\org\hamcrest\hamcrest-core\1.3\hamcrest-core-1.3.jar;"/>
    <property name="sun.cpu.endian" value="little"/>
    <property name="user.home" value="C:\Users\23111472"/>
    <property name="user.language" value="pt"/>
    <property name="java.specification.vendor" value="Oracle Corporation"/>
    <property name="java.version.date" value="2023-10-17"/>
    <property name="java.home" value="C:\Program Files\Java\jdk-21"/>
    <property name="file.separator" value="\"/>
    <property name="basedir" value="C:\Users\23111472\Downloads\4-divisao-e-conquista-exercicio-de-aprofundamento-guilherme-pc-master\4-divisao-e-conquista-exercicio-de-aprofundamento-guilherme-pc-master"/>
    <property name="java.vm.compressedOopsMode" value="32-bit"/>
    <property name="line.separator" value="&#10;"/>
    <property name="java.vm.specification.vendor" value="Oracle Corporation"/>
    <property name="java.specification.name" value="Java Platform API Specification"/>
    <property name="surefire.real.class.path" value="C:\Users\23111472\AppData\Local\Temp\surefire6850423831986882157\surefirebooter11225254487070280974.jar"/>
    <property name="user.script" value=""/>
    <property name="sun.management.compiler" value="HotSpot 64-Bit Tiered Compilers"/>
    <property name="java.runtime.version" value="21.0.1+12-LTS-29"/>
    <property name="user.name" value="23111472"/>
    <property name="stdout.encoding" value="Cp1252"/>
    <property name="path.separator" value=";"/>
    <property name="os.version" value="10.0"/>
    <property name="java.runtime.name" value="Java(TM) SE Runtime Environment"/>
    <property name="file.encoding" value="UTF-8"/>
    <property name="java.vm.name" value="Java HotSpot(TM) 64-Bit Server VM"/>
    <property name="maven.ext.class.path" value="C:\Users\23111472\.vscode\extensions\oracle.oracle-java-22.1.1\nbcode\java\maven-nblib\netbeans-eventspy.jar"/>
    <property name="localRepository" value="C:\Users\23111472\.m2\repository"/>
    <property name="java.vendor.url.bug" value="https://bugreport.java.com/bugreport/"/>
    <property name="java.io.tmpdir" value="C:\Users\23111472\AppData\Local\Temp\"/>
    <property name="java.version" value="21.0.1"/>
    <property name="user.dir" value="C:\Users\23111472\Downloads\4-divisao-e-conquista-exercicio-de-aprofundamento-guilherme-pc-master\4-divisao-e-conquista-exercicio-de-aprofundamento-guilherme-pc-master"/>
    <property name="os.arch" value="amd64"/>
    <property name="java.vm.specification.name" value="Java Virtual Machine Specification"/>
    <property name="sun.os.patch.level" value=""/>
    <property name="native.encoding" value="Cp1252"/>
    <property name="java.library.path" value="C:\Program Files\Java\jdk-21\bin;C:\windows\Sun\Java\bin;C:\windows\system32;C:\windows;C:\windows;C:\windows\system32;C:\windows\System32\Wbem;C:\windows\System32\OpenSSH\;C:\windows\System32\WindowsPowerShell\v1.0\;C:\Program Files\Go\bin;C:\Program Files\PuTTY\;C:\Program Files\dotnet\;C:\Program Files\Git\cmd;C:\Program Files\MinGW\bin;C:\Program Files\Python312\;C:\Program Files\Java\jdk-21\bin;C:\Program Files\Python312\Scripts;C:\ProgramData\anaconda3\Scripts;C:\Program Files\Java\jfx-21.0.1\bin;C:\Program Files\Microsoft VS Code\bin;C:\Program Files\Docker\Docker\resources\bin;C:\Program Files\Common Files\Oracle\Java\javapath;C:\Program Files (x86)\Common Files\Oracle\Java\javapath;G:\Aplicacoes\ORACLE\OracleClient_12_1_32bits_BERLIN;C:\Program Files (x86)\Intel\Intel(R) Management Engine Components\DAL;C:\Program Files\Intel\Intel(R) Management Engine Components\DAL;C:\Users\23111472\AppData\Local\Microsoft\WindowsApps;;."/>
    <property name="java.vm.info" value="mixed mode, sharing"/>
    <property name="stderr.encoding" value="Cp1252"/>
    <property name="java.vendor" value="Oracle Corporation"/>
    <property name="java.vm.version" value="21.0.1+12-LTS-29"/>
    <property name="sun.io.unicode.encoding" value="UnicodeLittle"/>
    <property name="java.class.version" value="65.0"/>
  </properties>
  <testcase name="testMergeSortWithRandomNumbers" classname="br.pucrs.AppTest" time="1.01"/>
</testsuite>